<?xml version="1.0" encoding="UTF-8"?>
<testsuite name="test.collective.basic.BlockchainTest" tests="8" skipped="0" failures="0" errors="0" timestamp="2024-06-19T02:10:45" hostname="cole-ubuntu" time="0.121">
  <properties/>
  <testcase name="isValid_HashIncorrect" classname="test.collective.basic.BlockchainTest" time="0.053"/>
  <testcase name="isNotValid_whenManyAreNotMined" classname="test.collective.basic.BlockchainTest" time="0.011"/>
  <testcase name="isNotValid_forIncorrectPreviousHash" classname="test.collective.basic.BlockchainTest" time="0.022"/>
  <testcase name="size" classname="test.collective.basic.BlockchainTest" time="0.006"/>
  <testcase name="isNotValid_whenOneIsNotMined" classname="test.collective.basic.BlockchainTest" time="0.006"/>
  <testcase name="isEmpty" classname="test.collective.basic.BlockchainTest" time="0.006"/>
  <testcase name="isMined" classname="test.collective.basic.BlockchainTest" time="0.007"/>
  <testcase name="isValid" classname="test.collective.basic.BlockchainTest" time="0.005"/>
  <system-out><![CDATA[]]></system-out>
  <system-err><![CDATA[]]></system-err>
</testsuite>
